<?xml version="1.0" encoding="UTF-8"?>
<!-- Generated by org.testng.reporters.JUnitXMLReporter -->
<testsuite ignored="1" hostname="KQ-LP-005" failures="1" tests="12" name="MyInfo" time="34.46" errors="0" timestamp="2024-06-10T14:40:01 IST">
  <testcase classname="TestClass.MyInfoTestNG" name="login" time="16.354"/>
  <testcase classname="TestClass.MyInfoTestNG" name="locators" time="0.005"/>
  <testcase classname="TestClass.MyInfoTestNG" name="enterFirstName" time="1.923">
    <failure type="org.openqa.selenium.ElementClickInterceptedException" message="element click intercepted: Element &amp;lt;input data-v-1f99f73c=&amp;quot;&amp;quot; class=&amp;quot;oxd-input oxd-input--active orangehrm-firstname&amp;quot; name=&amp;quot;firstName&amp;quot; placeholder=&amp;quot;First Name&amp;quot;&amp;gt; is not clickable at point (712, 271). Other element would receive the click: &amp;lt;div data-v-d5bfe35b=&amp;quot;&amp;quot; class=&amp;quot;oxd-form-loader&amp;quot;&amp;gt;...&amp;lt;/div&amp;gt;
  (Session info: chrome=125.0.6422.142)
Build info: version: &amp;apos;4.20.0&amp;apos;, revision: &amp;apos;866c76ca80&amp;apos;
System info: os.name: &amp;apos;Windows 10&amp;apos;, os.arch: &amp;apos;amd64&amp;apos;, os.version: &amp;apos;10.0&amp;apos;, java.version: &amp;apos;21.0.2&amp;apos;
Driver info: org.openqa.selenium.chrome.ChromeDriver
Command: [b4aebe4d198ed81a5f5378d53d8510ad, clickElement {id=f.92FD60B20F87EED4C0A4DAF5C4DFFA56.d.EFBA66C1ACAE46D876561440139EF75D.e.527}]
Capabilities {acceptInsecureCerts: false, browserName: chrome, browserVersion: 125.0.6422.142, chrome: {chromedriverVersion: 125.0.6422.141 (4b1e8393712..., userDataDir: C:\Users\HP\AppData\Local\T...}, fedcm:accounts: true, goog:chromeOptions: {debuggerAddress: localhost:49765}, networkConnectionEnabled: false, pageLoadStrategy: normal, platformName: windows, proxy: Proxy(), se:cdp: ws://localhost:49765/devtoo..., se:cdpVersion: 125.0.6422.142, setWindowRect: true, strictFileInteractability: false, timeouts: {implicit: 0, pageLoad: 300000, script: 30000}, unhandledPromptBehavior: dismiss and notify, webauthn:extension:credBlob: true, webauthn:extension:largeBlob: true, webauthn:extension:minPinLength: true, webauthn:extension:prf: true, webauthn:virtualAuthenticators: true}
Element: [[ChromeDriver: chrome on windows (b4aebe4d198ed81a5f5378d53d8510ad)] -&amp;gt; xpath: //input[@name = &amp;apos;firstName&amp;apos;]]
Session ID: b4aebe4d198ed81a5f5378d53d8510ad">
      <![CDATA[org.openqa.selenium.ElementClickInterceptedException: element click intercepted: Element <input data-v-1f99f73c="" class="oxd-input oxd-input--active orangehrm-firstname" name="firstName" placeholder="First Name"> is not clickable at point (712, 271). Other element would receive the click: <div data-v-d5bfe35b="" class="oxd-form-loader">...</div>
  (Session info: chrome=125.0.6422.142)
Build info: version: '4.20.0', revision: '866c76ca80'
System info: os.name: 'Windows 10', os.arch: 'amd64', os.version: '10.0', java.version: '21.0.2'
Driver info: org.openqa.selenium.chrome.ChromeDriver
Command: [b4aebe4d198ed81a5f5378d53d8510ad, clickElement {id=f.92FD60B20F87EED4C0A4DAF5C4DFFA56.d.EFBA66C1ACAE46D876561440139EF75D.e.527}]
Capabilities {acceptInsecureCerts: false, browserName: chrome, browserVersion: 125.0.6422.142, chrome: {chromedriverVersion: 125.0.6422.141 (4b1e8393712..., userDataDir: C:\Users\HP\AppData\Local\T...}, fedcm:accounts: true, goog:chromeOptions: {debuggerAddress: localhost:49765}, networkConnectionEnabled: false, pageLoadStrategy: normal, platformName: windows, proxy: Proxy(), se:cdp: ws://localhost:49765/devtoo..., se:cdpVersion: 125.0.6422.142, setWindowRect: true, strictFileInteractability: false, timeouts: {implicit: 0, pageLoad: 300000, script: 30000}, unhandledPromptBehavior: dismiss and notify, webauthn:extension:credBlob: true, webauthn:extension:largeBlob: true, webauthn:extension:minPinLength: true, webauthn:extension:prf: true, webauthn:virtualAuthenticators: true}
Element: [[ChromeDriver: chrome on windows (b4aebe4d198ed81a5f5378d53d8510ad)] -> xpath: //input[@name = 'firstName']]
Session ID: b4aebe4d198ed81a5f5378d53d8510ad
at org.openqa.selenium.remote.ErrorCodec.decode(ErrorCodec.java:167)
at org.openqa.selenium.remote.codec.w3c.W3CHttpResponseCodec.decode(W3CHttpResponseCodec.java:138)
at org.openqa.selenium.remote.codec.w3c.W3CHttpResponseCodec.decode(W3CHttpResponseCodec.java:50)
at org.openqa.selenium.remote.HttpCommandExecutor.execute(HttpCommandExecutor.java:190)
at org.openqa.selenium.remote.service.DriverCommandExecutor.invokeExecute(DriverCommandExecutor.java:216)
at org.openqa.selenium.remote.service.DriverCommandExecutor.execute(DriverCommandExecutor.java:174)
at org.openqa.selenium.remote.RemoteWebDriver.execute(RemoteWebDriver.java:518)
at org.openqa.selenium.remote.RemoteWebElement.execute(RemoteWebElement.java:223)
at org.openqa.selenium.remote.RemoteWebElement.click(RemoteWebElement.java:76)
at Pages.BasePage.clear(BasePage.java:44)
at TestClass.MyInfoTestNG.enterFirstName(MyInfoTestNG.java:84)
at java.base/java.util.ArrayList.forEach(ArrayList.java:1596)
... Removed 28 stack frames]]>
    </failure>
  </testcase> <!-- enterFirstName -->
  <testcase classname="TestClass.MyInfoTestNG" name="enterMiddleName" time="0.479"/>
  <testcase classname="TestClass.MyInfoTestNG" name="enterLastName" time="0.472"/>
  <testcase classname="TestClass.MyInfoTestNG" name="enterEmpId" time="0.4"/>
  <testcase classname="TestClass.MyInfoTestNG" name="enterOtherID" time="0.543"/>
  <testcase classname="TestClass.MyInfoTestNG" name="enterLicence" time="0.506"/>
  <testcase classname="TestClass.MyInfoTestNG" name="selectionOfExpiry" time="2.073"/>
  <testcase classname="TestClass.MyInfoTestNG" name="selectionOfNationality" time="0.407"/>
  <testcase classname="TestClass.MyInfoTestNG" name="selectionOfMarital" time="0.354"/>
  <testcase classname="TestClass.MyInfoTestNG" name="clickOnSubmit" time="0.932"/>
  <testcase classname="TestClass.MyInfoTestNG" name="selectionOfGender" time="0.0">
    <ignored/>
  </testcase> <!-- selectionOfGender -->
</testsuite> <!-- MyInfo -->
