<?xml version="1.0" encoding="UTF-8"?>
<testsuite xmlns:xsi="http://www.w3.org/2001/XMLSchema-instance" xsi:noNamespaceSchemaLocation="https://maven.apache.org/surefire/maven-surefire-plugin/xsd/surefire-test-report-3.0.xsd" version="3.0" name="TestSuite" time="93.584" tests="1" errors="0" skipped="0" failures="0">
  <properties>
[...]
</properties>
  <testcase name="readExcelData" classname="com.kiwiqa.pages.FormTestNG" time="17.322">
    <system-out><![CDATA[MAp data{First Name=Nirali, Last Name=Patel, Email=nira123@gmail.com, Gender=Female, Mobile=9787463522, Month=December, Year=1994, Date=18, Subjects=Maths English Hindi Chemistry  , Hobbies=Reading Sports Music  , Upload file=20190114_194226.jpg, Address=Chandkheda, Ahmedabad, State=Rajasthan , City=Jaiselmer}
Done!!
Nirali Patel Correct
nira123@gmail.com Correct
Female Correct
9787463522 Correct
20190114_194226.jpg Correct
Chandkheda, Ahmedabad Correct
Rajasthan Jaiselmer Correct
]]></system-out>
    <system-err><![CDATA[SLF4J: Failed to load class "org.slf4j.impl.StaticLoggerBinder".
SLF4J: Defaulting to no-operation (NOP) logger implementation
SLF4J: See http://www.slf4j.org/codes.html#StaticLoggerBinder for further details.
Jun 26, 2024 12:38:27 PM org.openqa.selenium.devtools.CdpVersionFinder findNearestMatch
WARNING: Unable to find an exact match for CDP version 126, returning the closest version; found: 124; Please update to a Selenium version that supports CDP version 126
ERROR StatusLogger Log4j2 could not find a logging implementation. Please add log4j-core to the classpath. Using SimpleLogger to log to the console...
]]></system-err>
  </testcase>
</testsuite>