<?xml version="1.0" encoding="UTF-8"?>
<testng-results ignored="0" total="1" passed="1" failed="0" skipped="0">
  <reporter-output>
  </reporter-output>
  <suite started-at="2024-06-10T18:16:13 IST" name="Suite" finished-at="2024-06-10T18:17:17 IST" duration-ms="64101">
    <groups>
    </groups>
    <test started-at="2024-06-10T18:16:13 IST" name="Test" finished-at="2024-06-10T18:17:17 IST" duration-ms="64101">
      <class name="com.kiwiqa.pages.FormTestNG">
        <test-method is-config="true" signature="setUp()[pri:0, instance:com.kiwiqa.pages.FormTestNG@30c15d8b]" started-at="2024-06-10T18:16:13 IST" name="setUp" finished-at="2024-06-10T18:16:17 IST" duration-ms="4573" status="PASS">
          <reporter-output>
          </reporter-output>
        </test-method> <!-- setUp -->
        <test-method is-config="true" signature="beforeMethod()[pri:0, instance:com.kiwiqa.pages.FormTestNG@30c15d8b]" started-at="2024-06-10T18:16:17 IST" name="beforeMethod" finished-at="2024-06-10T18:16:17 IST" duration-ms="8" status="PASS">
          <reporter-output>
          </reporter-output>
        </test-method> <!-- beforeMethod -->
        <test-method signature="readExcelData()[pri:0, instance:com.kiwiqa.pages.FormTestNG@30c15d8b]" started-at="2024-06-10T18:16:17 IST" name="readExcelData" finished-at="2024-06-10T18:17:16 IST" duration-ms="58831" status="PASS">
          <reporter-output>
          </reporter-output>
        </test-method> <!-- readExcelData -->
        <test-method is-config="true" signature="afterMethod()[pri:0, instance:com.kiwiqa.pages.FormTestNG@30c15d8b]" started-at="2024-06-10T18:17:16 IST" name="afterMethod" finished-at="2024-06-10T18:17:16 IST" duration-ms="1" status="PASS">
          <reporter-output>
          </reporter-output>
        </test-method> <!-- afterMethod -->
        <test-method is-config="true" signature="afterClass()[pri:0, instance:com.kiwiqa.pages.FormTestNG@30c15d8b]" started-at="2024-06-10T18:17:16 IST" name="afterClass" finished-at="2024-06-10T18:17:17 IST" duration-ms="601" status="PASS">
          <reporter-output>
          </reporter-output>
        </test-method> <!-- afterClass -->
      </class> <!-- com.kiwiqa.pages.FormTestNG -->
    </test> <!-- Test -->
  </suite> <!-- Suite -->
</testng-results>
